TN:
SF:/Users/jamesgaddum/Dev/calc/calc-rs-osmosis/contracts/dca/src/bin/schema.rs
FNF:0
DA:5,0
DA:6,0
DA:7,0
DA:8,0
DA:9,0
LF:5
LH:0
end_of_record
TN:
SF:/Users/jamesgaddum/Dev/calc/calc-rs-osmosis/contracts/dca/src/contract.rs
FNF:0
DA:45,0
DA:46,0
DA:50,162
DA:56,162
DA:60,7
DA:66,7
DA:68,7
DA:69,7
DA:70,7
DA:71,7
DA:73,0
DA:74,0
DA:75,0
DA:76,0
DA:77,0
DA:78,0
DA:79,0
DA:80,0
DA:81,0
DA:82,0
DA:83,0
DA:84,0
DA:86,0
DA:87,0
DA:88,0
DA:89,0
DA:90,0
DA:91,0
DA:92,0
DA:93,0
DA:94,0
DA:95,0
DA:96,0
DA:97,0
DA:98,0
DA:99,0
DA:100,0
DA:102,0
DA:103,0
DA:105,0
DA:106,0
DA:107,0
DA:108,0
DA:111,0
DA:112,0
DA:113,0
DA:114,0
DA:115,0
DA:116,0
DA:118,0
DA:119,0
DA:120,0
DA:121,0
DA:122,0
DA:123,0
DA:124,0
DA:125,0
DA:128,0
DA:129,0
DA:130,0
DA:131,0
DA:132,0
DA:134,0
DA:135,0
DA:137,0
DA:138,0
DA:141,0
DA:142,0
DA:144,0
DA:145,0
DA:146,0
DA:147,0
DA:148,0
DA:151,0
DA:152,0
DA:153,0
DA:154,0
DA:156,0
DA:157,0
DA:158,0
DA:159,0
DA:160,0
DA:161,0
DA:162,0
DA:168,0
DA:169,0
DA:170,0
DA:171,0
DA:172,0
DA:173,0
DA:174,0
DA:175,0
DA:181,9
DA:182,9
DA:183,2
DA:184,0
DA:185,0
DA:187,0
DA:188,0
DA:191,7
DA:192,7
DA:193,7
DA:194,7
DA:195,7
DA:196,7
DA:197,7
DA:198,7
DA:199,7
DA:200,7
DA:202,0
DA:204,0
DA:205,0
DA:206,0
DA:207,0
DA:208,0
DA:209,0
DA:210,0
DA:211,0
DA:212,0
DA:213,0
DA:216,0
DA:217,0
DA:218,0
DA:219,0
DA:220,0
DA:221,0
DA:222,0
DA:223,0
DA:225,0
DA:226,0
LF:130
LH:21
end_of_record
TN:
SF:/Users/jamesgaddum/Dev/calc/calc-rs-osmosis/contracts/dca/src/error.rs
FNF:0
DA:17,0
DA:18,0
DA:23,0
DA:25,0
DA:31,2
DA:32,2
DA:33,0
DA:34,2
DA:35,0
LF:9
LH:3
end_of_record
TN:
SF:/Users/jamesgaddum/Dev/calc/calc-rs-osmosis/contracts/dca/src/handlers/cancel_vault.rs
FNF:0
DA:15,8
DA:21,16
DA:23,9
DA:24,8
DA:27,6
DA:28,6
DA:31,6
DA:33,1
DA:34,1
DA:35,1
DA:39,6
DA:41,12
DA:42,6
DA:43,6
DA:44,6
DA:50,6
DA:54,6
DA:56,6
DA:58,6
DA:59,6
DA:60,6
DA:61,6
DA:62,6
LF:23
LH:23
end_of_record
TN:
SF:/Users/jamesgaddum/Dev/calc/calc-rs-osmosis/contracts/dca/src/handlers/create_custom_swap_fee.rs
FNF:0
DA:15,5
DA:17,6
DA:19,4
DA:20,4
DA:21,4
DA:22,4
LF:6
LH:6
end_of_record
TN:
SF:/Users/jamesgaddum/Dev/calc/calc-rs-osmosis/contracts/dca/src/handlers/create_pair.rs
FNF:0
DA:17,22
DA:18,21
DA:21,19
DA:22,19
DA:23,19
DA:26,20
DA:28,18
DA:30,18
DA:31,18
DA:32,18
DA:33,18
DA:34,18
LF:12
LH:12
end_of_record
TN:
SF:/Users/jamesgaddum/Dev/calc/calc-rs-osmosis/contracts/dca/src/handlers/create_vault.rs
FNF:0
DA:52,21
DA:53,19
DA:54,21
DA:55,18
DA:56,17
DA:57,16
DA:59,14
DA:60,14
DA:61,14
DA:64,13
DA:65,13
DA:68,19
DA:70,8
DA:71,8
DA:75,17
DA:76,7
DA:77,7
DA:78,7
DA:79,7
DA:83,10
DA:84,11
DA:85,10
DA:87,16
DA:89,8
DA:91,16
DA:93,8
DA:94,8
DA:96,12
DA:97,4
DA:98,4
DA:99,4
DA:100,4
DA:101,4
DA:102,4
DA:103,4
DA:105,4
DA:106,4
DA:111,12
DA:112,4
DA:113,4
DA:114,4
DA:118,8
DA:120,12
DA:121,4
DA:128,8
DA:130,8
DA:135,8
DA:139,8
DA:140,8
DA:141,8
DA:142,8
DA:147,16
DA:149,8
DA:152,8
DA:153,8
DA:154,8
DA:155,8
DA:156,8
DA:157,8
DA:162,8
DA:164,8
DA:165,8
DA:168,8
DA:169,8
DA:170,8
DA:171,8
DA:172,8
DA:173,7
DA:174,1
DA:180,9
DA:181,1
DA:182,1
DA:183,1
DA:184,1
DA:186,1
DA:187,1
DA:191,8
LF:77
LH:77
end_of_record
TN:
SF:/Users/jamesgaddum/Dev/calc/calc-rs-osmosis/contracts/dca/src/handlers/deposit.rs
FNF:0
DA:26,16
DA:27,14
DA:28,15
DA:30,26
DA:31,13
DA:33,13
DA:34,1
DA:35,1
DA:36,1
DA:37,1
DA:42,13
DA:44,11
DA:45,11
DA:48,10
DA:49,10
DA:51,10
DA:52,8
DA:55,10
DA:56,10
DA:57,10
DA:58,10
DA:59,11
DA:60,1
DA:61,1
DA:62,1
DA:63,1
DA:64,1
DA:65,1
DA:66,1
DA:67,1
DA:68,1
DA:69,1
DA:71,1
DA:72,1
DA:76,10
DA:79,10
DA:80,10
DA:81,10
DA:82,10
DA:83,10
DA:84,10
DA:89,10
DA:91,10
DA:92,10
DA:94,20
DA:96,1
DA:97,1
DA:98,1
DA:99,1
DA:100,1
DA:105,1
DA:106,1
DA:107,1
DA:108,1
DA:110,1
DA:111,1
DA:115,10
LF:57
LH:57
end_of_record
TN:
SF:/Users/jamesgaddum/Dev/calc/calc-rs-osmosis/contracts/dca/src/handlers/disburse_escrow.rs
FNF:0
DA:29,6
DA:31,12
DA:33,6
DA:34,1
DA:37,10
DA:38,10
DA:39,10
DA:40,10
DA:43,5
DA:47,5
DA:50,5
DA:51,5
DA:52,5
DA:53,5
DA:54,5
DA:55,5
DA:56,5
DA:61,5
DA:63,5
DA:64,5
DA:65,5
DA:66,5
DA:68,5
DA:69,5
DA:70,5
DA:71,5
DA:73,5
DA:74,5
DA:75,5
DA:76,5
LF:30
LH:30
end_of_record
TN:
SF:/Users/jamesgaddum/Dev/calc/calc-rs-osmosis/contracts/dca/src/handlers/disburse_funds.rs
FNF:0
DA:17,22
DA:22,44
DA:23,44
DA:25,22
DA:26,22
DA:28,22
DA:30,34
DA:32,34
DA:33,17
DA:34,17
DA:36,34
DA:37,17
DA:38,17
DA:40,34
DA:41,34
DA:43,34
DA:44,6
DA:45,11
DA:48,34
DA:49,6
DA:50,11
DA:53,34
DA:54,17
DA:55,34
DA:56,17
DA:57,17
DA:59,17
DA:60,17
DA:61,17
DA:62,17
DA:65,17
DA:66,17
DA:67,17
DA:69,17
DA:70,17
DA:72,17
DA:74,32
DA:75,15
DA:78,17
DA:79,17
DA:80,17
DA:84,17
DA:85,17
DA:86,17
DA:87,17
DA:88,17
DA:89,17
DA:90,17
DA:91,17
DA:96,17
DA:97,17
DA:98,17
DA:102,5
DA:103,5
DA:104,5
DA:105,5
DA:106,5
DA:107,5
DA:112,5
DA:113,5
DA:114,5
DA:119,22
DA:121,22
DA:122,11
DA:124,2
DA:125,2
DA:126,2
DA:130,11
DA:133,22
DA:134,22
DA:135,22
DA:136,22
LF:72
LH:72
end_of_record
TN:
SF:/Users/jamesgaddum/Dev/calc/calc-rs-osmosis/contracts/dca/src/handlers/execute_trigger.rs
FNF:0
DA:29,29
DA:31,54
DA:32,27
DA:34,27
DA:36,27
DA:38,27
DA:39,2
DA:40,2
DA:41,2
DA:42,2
DA:47,25
DA:48,1
DA:49,1
DA:50,1
DA:51,1
DA:56,24
DA:57,24
DA:58,24
DA:59,48
DA:61,24
DA:62,25
DA:66,26
DA:67,3
DA:68,3
DA:69,3
DA:70,3
DA:74,23
DA:76,46
DA:78,46
DA:81,23
DA:82,23
DA:83,23
DA:84,23
DA:85,23
DA:86,23
DA:87,23
DA:88,23
DA:93,23
DA:95,23
DA:97,22
DA:98,11
DA:99,11
DA:100,11
DA:101,11
DA:102,11
DA:103,11
DA:107,46
DA:108,6
DA:109,6
DA:110,11
DA:111,5
DA:112,5
DA:113,5
DA:114,5
DA:118,23
DA:120,20
DA:121,20
DA:122,20
DA:123,20
DA:124,20
DA:125,20
DA:126,20
DA:127,20
DA:128,0
DA:130,20
DA:136,6
DA:137,2
DA:138,2
DA:139,2
DA:140,2
DA:144,3
DA:147,20
DA:148,3
DA:151,34
DA:154,17
DA:155,17
DA:156,17
DA:159,3
DA:160,3
DA:161,3
DA:162,3
DA:163,3
DA:164,3
DA:165,3
DA:171,3
DA:173,3
DA:176,14
DA:179,14
DA:180,14
DA:181,14
DA:182,14
DA:183,14
DA:184,14
DA:185,14
DA:186,14
DA:190,14
DA:191,14
DA:192,14
DA:193,14
DA:194,14
DA:195,14
DA:196,14
DA:197,14
LF:103
LH:102
end_of_record
TN:
SF:/Users/jamesgaddum/Dev/calc/calc-rs-osmosis/contracts/dca/src/handlers/get_config.rs
FNF:0
DA:4,0
DA:5,0
DA:6,0
LF:3
LH:0
end_of_record
TN:
SF:/Users/jamesgaddum/Dev/calc/calc-rs-osmosis/contracts/dca/src/handlers/get_custom_swap_fees.rs
FNF:0
DA:4,5
DA:5,5
LF:2
LH:2
end_of_record
TN:
SF:/Users/jamesgaddum/Dev/calc/calc-rs-osmosis/contracts/dca/src/handlers/get_disburse_escrow_tasks.rs
FNF:0
DA:6,0
DA:11,0
DA:13,0
LF:3
LH:0
end_of_record
TN:
SF:/Users/jamesgaddum/Dev/calc/calc-rs-osmosis/contracts/dca/src/handlers/get_events.rs
FNF:0
DA:13,10
DA:15,10
DA:17,10
DA:18,24
DA:19,24
DA:20,14
DA:21,3
DA:22,1
DA:25,10
DA:26,39
DA:29,10
LF:11
LH:11
end_of_record
TN:
SF:/Users/jamesgaddum/Dev/calc/calc-rs-osmosis/contracts/dca/src/handlers/get_events_by_resource_id.rs
FNF:0
DA:14,27
DA:16,27
DA:17,27
DA:18,27
DA:19,27
DA:21,27
DA:22,58
DA:23,58
DA:24,31
DA:25,3
DA:26,1
DA:29,27
DA:30,92
DA:33,27
LF:14
LH:14
end_of_record
TN:
SF:/Users/jamesgaddum/Dev/calc/calc-rs-osmosis/contracts/dca/src/handlers/get_pairs.rs
FNF:0
DA:4,3
DA:5,3
DA:6,3
LF:3
LH:3
end_of_record
TN:
SF:/Users/jamesgaddum/Dev/calc/calc-rs-osmosis/contracts/dca/src/handlers/get_swap_adjustment.rs
FNF:0
DA:7,0
DA:12,0
LF:2
LH:0
end_of_record
TN:
SF:/Users/jamesgaddum/Dev/calc/calc-rs-osmosis/contracts/dca/src/handlers/get_time_trigger_ids.rs
FNF:0
DA:12,0
DA:15,0
LF:2
LH:0
end_of_record
TN:
SF:/Users/jamesgaddum/Dev/calc/calc-rs-osmosis/contracts/dca/src/handlers/get_vault.rs
FNF:0
DA:4,254
DA:5,508
DA:7,139
LF:3
LH:3
end_of_record
TN:
SF:/Users/jamesgaddum/Dev/calc/calc-rs-osmosis/contracts/dca/src/handlers/get_vault_performance.rs
FNF:0
DA:10,2
DA:14,4
DA:16,4
DA:18,4
DA:20,2
DA:21,2
DA:22,2
DA:23,2
DA:24,2
DA:27,3
DA:28,1
DA:29,1
DA:30,1
LF:13
LH:13
end_of_record
TN:
SF:/Users/jamesgaddum/Dev/calc/calc-rs-osmosis/contracts/dca/src/handlers/get_vaults.rs
FNF:0
DA:10,8
DA:12,12
DA:14,6
LF:3
LH:3
end_of_record
TN:
SF:/Users/jamesgaddum/Dev/calc/calc-rs-osmosis/contracts/dca/src/handlers/get_vaults_by_address.rs
FNF:0
DA:13,7
DA:14,8
DA:16,12
DA:18,6
LF:4
LH:4
end_of_record
TN:
SF:/Users/jamesgaddum/Dev/calc/calc-rs-osmosis/contracts/dca/src/handlers/instantiate.rs
FNF:0
DA:15,163
DA:17,162
DA:18,161
DA:20,159
DA:24,159
DA:25,159
DA:26,159
DA:27,159
DA:28,159
DA:29,159
DA:30,159
DA:31,159
DA:32,159
DA:36,159
DA:38,159
DA:39,159
DA:40,159
LF:17
LH:17
end_of_record
TN:
SF:/Users/jamesgaddum/Dev/calc/calc-rs-osmosis/contracts/dca/src/handlers/migrate.rs
FNF:0
DA:4,0
DA:5,0
DA:6,0
DA:7,0
LF:4
LH:0
end_of_record
TN:
SF:/Users/jamesgaddum/Dev/calc/calc-rs-osmosis/contracts/dca/src/handlers/remove_custom_swap_fee.rs
FNF:0
DA:12,1
DA:14,1
DA:16,1
DA:17,1
DA:18,1
LF:5
LH:5
end_of_record
TN:
SF:/Users/jamesgaddum/Dev/calc/calc-rs-osmosis/contracts/dca/src/handlers/update_config.rs
FNF:0
DA:21,9
DA:22,18
DA:25,9
DA:26,9
DA:27,9
DA:28,9
DA:30,9
DA:31,9
DA:32,9
DA:36,9
DA:37,10
DA:39,8
DA:42,14
DA:44,5
DA:45,5
DA:46,5
DA:47,5
DA:48,5
DA:49,5
DA:50,5
DA:52,5
LF:21
LH:21
end_of_record
TN:
SF:/Users/jamesgaddum/Dev/calc/calc-rs-osmosis/contracts/dca/src/handlers/update_swap_adjustment_handler.rs
FNF:0
DA:13,2
DA:14,2
LF:2
LH:2
end_of_record
TN:
SF:/Users/jamesgaddum/Dev/calc/calc-rs-osmosis/contracts/dca/src/handlers/update_vault.rs
FNF:0
DA:17,5
DA:19,6
DA:21,4
DA:23,2
DA:24,2
DA:26,3
DA:28,1
DA:29,1
DA:30,1
DA:31,1
LF:10
LH:10
end_of_record
TN:
SF:/Users/jamesgaddum/Dev/calc/calc-rs-osmosis/contracts/dca/src/handlers/z_delegate.rs
FNF:0
DA:18,6
DA:19,2
DA:20,2
DA:22,2
DA:24,2
DA:26,2
DA:27,2
DA:28,2
DA:29,2
DA:30,2
DA:32,2
DA:33,2
DA:34,2
DA:35,2
DA:37,2
DA:38,2
DA:39,2
DA:40,2
DA:41,2
DA:42,2
DA:43,2
DA:44,2
DA:45,2
DA:46,2
DA:50,2
DA:55,2
DA:56,4
DA:57,1
DA:58,1
DA:61,2
LF:30
LH:30
end_of_record
TN:
SF:/Users/jamesgaddum/Dev/calc/calc-rs-osmosis/contracts/dca/src/handlers/z_provide_liquidity.rs
FNF:0
DA:26,7
DA:28,3
DA:29,3
DA:30,3
DA:31,3
DA:32,3
DA:33,3
DA:37,3
DA:38,3
DA:39,4
DA:40,1
DA:41,1
DA:42,1
DA:44,1
DA:45,1
DA:46,1
DA:47,1
DA:48,1
DA:49,1
DA:53,3
DA:54,3
DA:55,3
DA:56,3
DA:58,3
DA:59,3
DA:60,3
DA:61,3
DA:62,3
DA:63,3
DA:65,3
DA:69,2
DA:70,4
DA:72,4
DA:73,2
DA:74,2
DA:77,2
DA:78,2
DA:80,2
DA:81,2
DA:84,2
DA:85,2
DA:88,2
DA:89,2
DA:90,2
DA:91,2
DA:93,2
DA:94,2
DA:95,2
DA:96,2
DA:97,2
DA:98,2
DA:99,2
DA:100,2
DA:103,2
DA:108,2
DA:109,2
DA:111,4
DA:112,1
DA:113,1
DA:116,2
LF:60
LH:60
end_of_record
TN:
SF:/Users/jamesgaddum/Dev/calc/calc-rs-osmosis/contracts/dca/src/helpers/authz.rs
FNF:0
DA:5,6
DA:7,6
DA:8,6
LF:3
LH:3
end_of_record
TN:
SF:/Users/jamesgaddum/Dev/calc/calc-rs-osmosis/contracts/dca/src/helpers/coin.rs
FNF:0
DA:3,1
DA:4,1
DA:5,0
DA:6,0
DA:7,0
DA:11,1
DA:12,1
DA:13,1
DA:17,41
DA:18,41
DA:19,0
DA:20,0
DA:21,0
DA:25,41
DA:26,41
DA:27,41
DA:28,41
DA:29,41
DA:30,41
DA:34,66
DA:36,66
DA:37,66
DA:41,5
DA:43,5
DA:44,5
LF:25
LH:19
end_of_record
TN:
SF:/Users/jamesgaddum/Dev/calc/calc-rs-osmosis/contracts/dca/src/helpers/disbursement.rs
FNF:0
DA:6,22
DA:10,22
DA:11,22
DA:12,22
DA:13,44
DA:14,22
DA:15,22
DA:16,22
DA:17,22
DA:18,22
DA:21,22
DA:22,21
DA:23,21
DA:24,21
DA:25,21
DA:27,39
DA:28,18
DA:29,18
DA:30,18
DA:31,18
DA:37,1
DA:39,22
LF:22
LH:22
end_of_record
TN:
SF:/Users/jamesgaddum/Dev/calc/calc-rs-osmosis/contracts/dca/src/helpers/fees.rs
FNF:0
DA:11,22
DA:16,44
DA:18,22
DA:19,22
DA:20,22
DA:21,45
DA:22,64
DA:23,41
DA:24,41
DA:25,41
DA:26,41
DA:27,41
DA:30,41
DA:31,14
DA:34,27
DA:35,27
DA:36,27
DA:40,22
DA:43,22
DA:44,44
DA:46,22
DA:47,22
DA:48,22
DA:49,22
DA:50,66
DA:51,65
DA:52,22
DA:56,22
DA:57,44
DA:61,22
DA:62,22
DA:64,1
DA:65,1
DA:67,1
DA:68,1
DA:69,19
DA:74,15
DA:75,30
DA:77,15
DA:78,15
DA:79,15
DA:80,15
DA:81,15
DA:83,15
DA:84,15
DA:86,15
DA:87,3
DA:89,12
DA:90,12
DA:91,12
DA:93,12
DA:96,0
DA:99,15
DA:100,15
DA:101,15
LF:55
LH:54
end_of_record
TN:
SF:/Users/jamesgaddum/Dev/calc/calc-rs-osmosis/contracts/dca/src/helpers/math.rs
FNF:0
DA:3,122
DA:4,122
DA:5,122
DA:6,122
LF:4
LH:4
end_of_record
TN:
SF:/Users/jamesgaddum/Dev/calc/calc-rs-osmosis/contracts/dca/src/helpers/price.rs
FNF:0
DA:8,35
DA:13,70
DA:14,35
DA:15,0
DA:18,35
DA:20,71
DA:21,72
DA:23,72
DA:25,36
DA:26,36
DA:27,36
DA:28,36
DA:32,72
DA:33,36
DA:34,36
DA:35,36
DA:37,36
DA:39,36
DA:40,36
DA:42,36
DA:44,36
DA:47,35
DA:50,11
DA:56,22
DA:58,22
DA:59,11
DA:60,11
DA:61,11
DA:62,11
DA:63,11
DA:65,11
DA:66,0
DA:67,0
DA:68,0
DA:69,0
DA:70,0
DA:73,11
DA:76,11
DA:79,2
DA:80,2
DA:81,2
DA:82,2
DA:84,2
DA:85,0
DA:88,2
LF:45
LH:38
end_of_record
TN:
SF:/Users/jamesgaddum/Dev/calc/calc-rs-osmosis/contracts/dca/src/helpers/routes.rs
FNF:0
DA:9,120
DA:14,240
DA:16,120
DA:17,120
DA:19,451
DA:21,4
DA:22,4
DA:23,4
DA:27,116
DA:28,116
DA:30,377
DA:31,348
DA:32,232
DA:34,116
DA:37,156
DA:38,156
DA:39,156
DA:41,312
DA:43,156
DA:44,0
DA:45,0
DA:49,72
DA:54,72
DA:56,72
DA:57,1
DA:58,1
DA:59,1
DA:63,142
DA:64,49
DA:65,22
DA:68,71
DA:70,234
DA:71,166
DA:73,80
DA:74,80
DA:75,80
DA:78,80
DA:81,68
DA:82,1
DA:83,1
DA:84,1
DA:85,1
DA:89,67
LF:43
LH:41
end_of_record
TN:
SF:/Users/jamesgaddum/Dev/calc/calc-rs-osmosis/contracts/dca/src/helpers/state.rs
FNF:0
DA:4,154
DA:5,462
DA:6,154
DA:7,154
LF:4
LH:4
end_of_record
TN:
SF:/Users/jamesgaddum/Dev/calc/calc-rs-osmosis/contracts/dca/src/helpers/swaps.rs
FNF:0
DA:6,14
DA:15,28
DA:17,28
DA:18,3
DA:19,6
DA:21,3
DA:22,3
DA:23,3
DA:25,11
DA:29,14
DA:30,14
DA:31,14
DA:35,14
DA:36,14
DA:37,14
DA:38,14
DA:39,14
LF:17
LH:17
end_of_record
TN:
SF:/Users/jamesgaddum/Dev/calc/calc-rs-osmosis/contracts/dca/src/helpers/time.rs
FNF:0
DA:6,3
DA:7,3
DA:10,80
DA:15,80
DA:16,80
DA:19,80
DA:20,80
DA:23,80
DA:25,80
DA:27,76
DA:28,35
DA:31,74
DA:32,74
DA:33,74
DA:35,74
DA:36,74
DA:37,74
DA:38,74
DA:39,74
DA:41,74
DA:42,74
DA:43,74
DA:47,80
DA:50,27
DA:55,27
DA:56,27
DA:59,10426
DA:60,10399
DA:61,10399
DA:62,10399
DA:66,10669
DA:67,10669
DA:68,18
DA:69,18
DA:70,18
DA:71,26
DA:72,18
DA:73,10461
DA:74,26
DA:75,18
DA:76,48
DA:77,18
DA:81,122
DA:82,122
DA:85,61
DA:86,61
DA:87,61
DA:88,61
DA:90,66
DA:91,5
DA:92,5
DA:95,61
DA:97,61
DA:98,61
DA:99,61
DA:101,61
DA:103,61
DA:106,0
DA:108,0
DA:110,0
DA:112,0
DA:117,0
DA:118,0
DA:121,61
DA:122,61
DA:123,61
DA:124,0
DA:125,0
DA:126,0
DA:127,0
DA:129,0
LF:71
LH:60
end_of_record
TN:
SF:/Users/jamesgaddum/Dev/calc/calc-rs-osmosis/contracts/dca/src/helpers/validation.rs
FNF:0
DA:14,42
DA:15,81
DA:16,7
DA:17,7
DA:20,35
DA:23,63
DA:24,126
DA:25,63
DA:26,3
DA:27,3
DA:30,60
DA:33,36
DA:37,72
DA:38,36
DA:39,1
DA:41,35
DA:44,2
DA:45,2
DA:46,1
DA:48,1
DA:51,8
DA:56,16
DA:57,9
DA:58,1
DA:60,7
DA:63,6
DA:68,12
DA:69,6
DA:70,0
DA:72,6
DA:75,22
DA:76,22
DA:77,3
DA:78,3
DA:81,19
DA:84,17
DA:85,17
DA:86,1
DA:87,1
DA:90,16
DA:93,11
DA:97,11
DA:98,1
DA:99,1
DA:100,1
DA:101,1
DA:105,10
DA:108,8
DA:112,8
DA:113,1
DA:114,1
DA:117,7
DA:120,24
DA:124,24
DA:125,1
DA:126,1
DA:129,23
DA:133,16
DA:134,1
DA:135,1
DA:136,1
DA:140,14
DA:143,16
DA:146,16
DA:147,1
DA:148,1
DA:151,15
DA:154,10
DA:158,22
DA:159,12
DA:161,10
DA:164,170
DA:168,513
DA:170,172
DA:171,172
DA:175,169
DA:178,205
DA:183,205
DA:184,205
DA:185,614
DA:186,206
DA:187,1
DA:191,14
DA:196,14
DA:197,41
DA:198,15
DA:199,1
DA:203,13
DA:207,13
DA:209,5
DA:210,4
DA:211,1
DA:212,1
DA:213,1
DA:217,8
DA:218,1
DA:219,1
DA:220,1
DA:222,7
DA:227,9
DA:230,9
DA:231,9
DA:232,19
DA:233,10
DA:235,9
DA:237,1
DA:238,1
DA:241,8
DA:244,169
DA:247,169
DA:248,169
DA:249,340
DA:250,171
DA:252,169
DA:254,2
DA:255,2
DA:258,167
DA:261,167
DA:264,167
DA:265,1
DA:266,1
DA:269,166
DA:272,10
DA:275,32
DA:276,1
DA:277,1
DA:280,9
DA:283,51
DA:287,102
DA:288,51
DA:289,2
DA:290,2
DA:293,49
DA:296,2
DA:300,2
DA:302,2
DA:303,0
DA:304,0
DA:307,2
DA:310,2
DA:311,2
DA:312,0
DA:313,0
DA:316,2
DA:322,8
DA:323,4
DA:324,1
DA:325,1
DA:329,3
DA:332,19
DA:336,56
DA:337,38
DA:339,18
DA:342,20
DA:343,20
DA:344,1
DA:345,1
DA:348,19
LF:158
LH:153
end_of_record
TN:
SF:/Users/jamesgaddum/Dev/calc/calc-rs-osmosis/contracts/dca/src/helpers/vault.rs
FNF:0
DA:25,0
DA:26,0
DA:27,0
DA:30,30
DA:31,30
DA:32,30
DA:34,40
DA:35,10
DA:38,30
DA:40,30
DA:41,30
DA:42,30
DA:46,8
DA:53,8
DA:54,8
DA:55,8
DA:56,8
DA:57,8
DA:58,8
DA:59,8
DA:62,8
DA:63,12
DA:64,4
DA:65,4
DA:66,4
DA:67,4
DA:68,4
DA:69,5
DA:70,3
DA:71,4
DA:72,2
DA:76,6
DA:77,6
DA:79,6
DA:80,6
DA:81,6
DA:82,6
DA:83,6
DA:85,6
DA:86,6
DA:87,6
DA:89,6
DA:90,6
DA:91,6
DA:94,0
DA:98,31
DA:103,40
DA:104,9
DA:106,9
DA:107,9
DA:108,9
DA:110,9
DA:111,9
DA:113,9
DA:117,17
DA:125,17
DA:126,17
DA:127,32
DA:128,15
DA:129,15
DA:130,15
DA:131,15
DA:132,15
DA:135,15
DA:136,4
DA:139,22
DA:141,22
DA:142,11
DA:143,11
DA:144,11
DA:145,11
DA:148,11
DA:149,2
DA:150,2
DA:151,2
DA:152,2
DA:153,2
DA:154,2
DA:155,2
DA:156,2
DA:162,2
DA:163,2
DA:165,2
DA:168,11
DA:169,2
DA:171,2
DA:172,2
DA:173,2
DA:174,2
DA:175,2
DA:176,2
DA:177,2
DA:178,2
DA:183,2
DA:184,2
DA:185,2
DA:188,2
DA:192,7
DA:193,14
DA:195,7
DA:196,7
DA:197,7
DA:199,7
DA:200,7
DA:201,7
DA:204,7
DA:205,7
DA:206,7
DA:207,7
DA:211,7
DA:214,7
DA:216,7
DA:217,7
DA:218,7
DA:219,7
DA:221,7
DA:223,7
DA:224,7
DA:225,7
DA:226,7
DA:227,7
DA:228,7
DA:229,7
DA:230,7
DA:231,7
DA:236,7
DA:237,7
DA:238,7
DA:239,7
DA:241,7
LF:130
LH:126
end_of_record
TN:
SF:/Users/jamesgaddum/Dev/calc/calc-rs-osmosis/contracts/dca/src/state/config.rs
FNF:0
DA:24,265
DA:25,265
DA:28,169
DA:29,169
DA:30,1
DA:31,1
DA:35,168
DA:36,1
DA:37,1
DA:41,167
DA:42,167
DA:45,0
DA:46,0
DA:51,9
DA:56,9
DA:57,1
DA:58,1
DA:62,8
DA:65,1
DA:66,1
DA:69,44
DA:70,44
DA:73,5
DA:74,5
DA:75,5
LF:25
LH:23
end_of_record
TN:
SF:/Users/jamesgaddum/Dev/calc/calc-rs-osmosis/contracts/dca/src/state/disburse_escrow_tasks.rs
FNF:0
DA:10,12
DA:11,12
DA:12,12
DA:16,27
DA:19,27
DA:25,27
DA:28,9
DA:33,9
DA:34,9
DA:35,9
DA:36,9
DA:40,11
DA:45,11
DA:46,11
DA:47,11
DA:48,11
DA:49,11
DA:50,11
DA:51,11
DA:52,11
DA:53,11
DA:55,11
DA:57,11
DA:58,49
DA:59,11
DA:62,7
DA:63,7
LF:27
LH:27
end_of_record
TN:
SF:/Users/jamesgaddum/Dev/calc/calc-rs-osmosis/contracts/dca/src/state/events.rs
FNF:0
DA:15,146
DA:16,146
DA:17,146
DA:21,183
DA:23,183
DA:32,183
DA:35,146
DA:36,292
DA:37,146
DA:38,146
DA:39,146
DA:40,146
DA:42,146
DA:45,18
DA:46,134
DA:47,58
DA:49,18
DA:52,0
DA:53,0
DA:54,0
LF:20
LH:17
end_of_record
TN:
SF:/Users/jamesgaddum/Dev/calc/calc-rs-osmosis/contracts/dca/src/state/pairs.rs
FNF:0
DA:7,135
DA:8,135
DA:11,135
DA:12,135
DA:15,69
DA:16,138
DA:18,72
DA:19,3
DA:22,66
DA:25,3
DA:26,3
DA:27,3
DA:28,12
LF:13
LH:13
end_of_record
TN:
SF:/Users/jamesgaddum/Dev/calc/calc-rs-osmosis/contracts/dca/src/state/swap_adjustments.rs
FNF:0
DA:14,70
DA:20,70
DA:21,70
DA:22,70
DA:23,70
DA:24,70
DA:25,70
DA:30,13
DA:35,13
DA:36,13
DA:37,18
DA:38,5
DA:39,5
DA:42,13
DA:43,12
DA:45,1
LF:16
LH:16
end_of_record
TN:
SF:/Users/jamesgaddum/Dev/calc/calc-rs-osmosis/contracts/dca/src/state/triggers.rs
FNF:0
DA:11,196
DA:12,196
DA:13,196
DA:17,465
DA:19,465
DA:27,465
DA:30,150
DA:31,150
DA:34,261
DA:35,261
DA:38,47
DA:39,47
DA:42,7
DA:47,7
DA:48,7
DA:49,7
DA:50,7
DA:51,7
DA:52,7
DA:53,7
DA:54,7
DA:55,7
DA:57,7
DA:59,7
DA:60,35
DA:61,7
LF:26
LH:26
end_of_record
TN:
SF:/Users/jamesgaddum/Dev/calc/calc-rs-osmosis/contracts/dca/src/state/vaults.rs
FNF:0
DA:24,273
DA:25,273
DA:26,273
DA:30,573
DA:32,1419
DA:33,573
DA:38,573
DA:41,8
DA:42,24
DA:43,8
DA:44,8
DA:47,363
DA:48,726
DA:49,248
DA:52,6
DA:59,12
DA:60,1
DA:61,1
DA:62,1
DA:63,1
DA:64,5
DA:67,6
DA:68,6
DA:69,6
DA:70,6
DA:71,6
DA:72,6
DA:74,6
DA:75,13
DA:76,7
DA:77,14
DA:78,7
DA:80,6
DA:83,6
DA:88,6
DA:89,6
DA:90,6
DA:91,6
DA:92,6
DA:93,6
DA:95,6
DA:96,12
DA:97,6
DA:98,12
DA:99,6
DA:101,6
DA:104,190
DA:105,190
DA:133,198
DA:135,198
DA:136,198
DA:137,198
DA:138,198
DA:139,198
DA:140,198
DA:141,198
DA:142,198
DA:143,198
DA:144,198
DA:145,198
DA:146,198
DA:147,198
DA:148,198
DA:149,198
DA:150,198
DA:151,198
DA:152,198
DA:153,198
DA:154,198
DA:159,261
DA:160,261
DA:161,522
DA:162,770
DA:165,261
DA:166,261
DA:167,261
DA:168,261
DA:169,261
DA:170,261
DA:171,261
DA:172,261
DA:173,261
DA:174,261
DA:175,261
DA:176,261
DA:177,261
DA:178,261
DA:179,261
DA:180,261
DA:181,261
DA:182,261
DA:183,261
DA:184,261
LF:93
LH:93
end_of_record
TN:
SF:/Users/jamesgaddum/Dev/calc/calc-rs-osmosis/contracts/dca/src/types/event.rs
FNF:0
DA:68,150
DA:71,150
DA:72,150
DA:77,150
DA:80,150
DA:81,150
DA:82,150
DA:83,150
LF:8
LH:8
end_of_record
TN:
SF:/Users/jamesgaddum/Dev/calc/calc-rs-osmosis/contracts/dca/src/types/pair.rs
FNF:0
DA:12,135
DA:13,135
DA:16,110
DA:17,110
DA:18,88
DA:20,22
DA:24,97
DA:25,97
DA:28,0
DA:29,0
DA:30,0
DA:32,0
LF:12
LH:8
end_of_record
TN:
SF:/Users/jamesgaddum/Dev/calc/calc-rs-osmosis/contracts/dca/src/types/performance_assessment_strategy.rs
FNF:0
DA:18,82
DA:19,82
DA:20,82
DA:21,82
DA:26,3
DA:27,3
DA:28,3
DA:29,3
DA:30,3
DA:34,30
DA:35,30
DA:36,11
DA:40,19
DA:41,19
LF:14
LH:14
end_of_record
TN:
SF:/Users/jamesgaddum/Dev/calc/calc-rs-osmosis/contracts/dca/src/types/post_execution_action.rs
FNF:0
DA:23,3
DA:25,3
DA:36,2
DA:37,2
DA:38,2
DA:40,2
DA:41,2
DA:42,0
DA:43,0
LF:9
LH:7
end_of_record
TN:
SF:/Users/jamesgaddum/Dev/calc/calc-rs-osmosis/contracts/dca/src/types/swap_adjustment_strategy.rs
FNF:0
DA:27,83
DA:28,83
DA:31,14
DA:32,14
DA:33,14
DA:37,2
DA:38,2
DA:39,2
LF:8
LH:8
end_of_record
TN:
SF:/Users/jamesgaddum/Dev/calc/calc-rs-osmosis/contracts/dca/src/types/vault.rs
FNF:0
DA:45,42
DA:46,42
DA:49,191
DA:50,191
DA:53,7
DA:54,14
DA:56,2
DA:58,2
DA:59,2
DA:61,5
DA:65,7
DA:66,7
DA:67,7
DA:68,7
DA:69,7
DA:70,7
DA:73,7
DA:74,7
DA:75,7
DA:76,7
DA:77,7
DA:81,33
DA:82,33
DA:85,33
DA:86,33
DA:89,63
DA:90,63
DA:93,30
DA:94,30
DA:95,21
DA:96,21
DA:97,31
DA:98,10
DA:99,10
DA:100,10
DA:101,10
DA:106,27
DA:107,27
DA:135,0
DA:181,8
DA:184,8
DA:185,8
DA:186,8
DA:187,8
DA:188,8
DA:189,8
DA:190,8
DA:191,8
DA:192,8
DA:193,8
DA:194,8
DA:195,8
DA:196,8
DA:197,8
DA:198,8
DA:199,8
DA:200,8
DA:201,8
DA:202,8
LF:59
LH:58
end_of_record
TN:
SF:/Users/jamesgaddum/Dev/calc/calc-rs-osmosis/contracts/dca/src/util.rs
FNF:0
DA:4,83
DA:8,83
DA:9,83
DA:10,83
LF:4
LH:4
end_of_record
